Traceback (most recent call last):
  File "/proj/hoodlab/share/vcassen/rna-seq/rnaseq/bin/provenance", line 15, in <module>
    from Rnaseq import *
ImportError: No module named Rnaseq
step header

****************************************************************
starting touch3
Mon Aug 29 16:02:39 PDT 2011

adding pipeline templates from /proj/hoodlab/share/vcassen/rna-seq/rnaseq/t/fixtures/templates
s_db: added pipeline juan_no_filter: id=1
s_db: juan_no_filter.path: /proj/hoodlab/share/vcassen/rna-seq/rnaseq/t/fixtures/templates/pipeline/juan_no_filter.syml
s_db: added pipeline gene_exp: id=2
s_db: gene_exp.path: /proj/hoodlab/share/vcassen/rna-seq/rnaseq/t/fixtures/templates/pipeline/gene_exp.syml
s_db: added pipeline input_index_out_of_range: id=3
s_db: input_index_out_of_range.path: /proj/hoodlab/share/vcassen/rna-seq/rnaseq/t/fixtures/templates/pipeline/input_index_out_of_range.syml
s_db: added pipeline link: id=4
s_db: link.path: /proj/hoodlab/share/vcassen/rna-seq/rnaseq/t/fixtures/templates/pipeline/link.syml
s_db: added pipeline gene_exp_stats: id=5
s_db: gene_exp_stats.path: /proj/hoodlab/share/vcassen/rna-seq/rnaseq/t/fixtures/templates/pipeline/gene_exp_stats.syml
s_db: added pipeline extra_stepname: id=6
s_db: extra_stepname.path: /proj/hoodlab/share/vcassen/rna-seq/rnaseq/t/fixtures/templates/pipeline/extra_stepname.syml
s_db: added pipeline test_convert_inputs: id=7
s_db: test_convert_inputs.path: /proj/hoodlab/share/vcassen/rna-seq/rnaseq/t/fixtures/templates/pipeline/test_convert_inputs.syml
s_db: added pipeline missing_psl: id=8
s_db: missing_psl.path: /proj/hoodlab/share/vcassen/rna-seq/rnaseq/t/fixtures/templates/pipeline/missing_psl.syml
s_db: added pipeline juan: id=9
s_db: juan.path: /proj/hoodlab/share/vcassen/rna-seq/rnaseq/t/fixtures/templates/pipeline/juan.syml
s_db: added pipeline bowtie: id=10
s_db: bowtie.path: /proj/hoodlab/share/vcassen/rna-seq/rnaseq/t/fixtures/templates/pipeline/bowtie.syml
s_db: added pipeline juan.long: id=11
s_db: juan.long.path: /proj/hoodlab/share/vcassen/rna-seq/rnaseq/t/fixtures/templates/pipeline/juan.long.syml
s_db: added pipeline touch3: id=12
s_db: touch3.path: /proj/hoodlab/share/vcassen/rna-seq/rnaseq/t/fixtures/templates/pipeline/touch3.syml
s_db: added pipeline missing_stepname: id=13
s_db: missing_stepname.path: /proj/hoodlab/share/vcassen/rna-seq/rnaseq/t/fixtures/templates/pipeline/missing_stepname.syml
s_db: added pipeline filter: id=14
s_db: filter.path: /proj/hoodlab/share/vcassen/rna-seq/rnaseq/t/fixtures/templates/pipeline/filter.syml
s_db: added pipeline cufflinks: id=15
s_db: cufflinks.path: /proj/hoodlab/share/vcassen/rna-seq/rnaseq/t/fixtures/templates/pipeline/cufflinks.syml
s_db: added pipeline erange: id=16
s_db: erange.path: /proj/hoodlab/share/vcassen/rna-seq/rnaseq/t/fixtures/templates/pipeline/erange.syml
/proj/hoodlab/share/vcassen/rna-seq/rnaseq/bin/provenance: No pipeline run for pipelinerun_id=1
step 1 passed
step touch
adding pipeline templates from /proj/hoodlab/share/vcassen/rna-seq/rnaseq/t/fixtures/templates
s_db: found pipeline juan_no_filter: id=1
s_db: found pipeline gene_exp: id=2
s_db: found pipeline input_index_out_of_range: id=3
s_db: found pipeline link: id=4
s_db: found pipeline gene_exp_stats: id=5
s_db: found pipeline extra_stepname: id=6
s_db: found pipeline test_convert_inputs: id=7
s_db: found pipeline missing_psl: id=8
s_db: found pipeline juan: id=9
s_db: found pipeline bowtie: id=10
s_db: found pipeline juan.long: id=11
s_db: found pipeline touch3: id=12
s_db: found pipeline missing_stepname: id=13
s_db: found pipeline filter: id=14
s_db: found pipeline cufflinks: id=15
s_db: found pipeline erange: id=16
/proj/hoodlab/share/vcassen/rna-seq/rnaseq/bin/provenance: No pipeline run for pipelinerun_id=1
step 2 passed
adding pipeline templates from /proj/hoodlab/share/vcassen/rna-seq/rnaseq/t/fixtures/templates
s_db: found pipeline juan_no_filter: id=1
s_db: found pipeline gene_exp: id=2
s_db: found pipeline input_index_out_of_range: id=3
s_db: found pipeline link: id=4
s_db: found pipeline gene_exp_stats: id=5
s_db: found pipeline extra_stepname: id=6
s_db: found pipeline test_convert_inputs: id=7
s_db: found pipeline missing_psl: id=8
s_db: found pipeline juan: id=9
s_db: found pipeline bowtie: id=10
s_db: found pipeline juan.long: id=11
s_db: found pipeline touch3: id=12
s_db: found pipeline missing_stepname: id=13
s_db: found pipeline filter: id=14
s_db: found pipeline cufflinks: id=15
s_db: found pipeline erange: id=16
Traceback (most recent call last):
  File "/proj/hoodlab/share/vcassen/rna-seq/rnaseq/bin/provenance", line 42, in <module>
    main()
  File "/proj/hoodlab/share/vcassen/rna-seq/rnaseq/bin/provenance", line 36, in main
    cmd.run(argv, config=RnaseqGlobals.config)
  File "/proj/hoodlab/share/vcassen/rna-seq/rnaseq/lib/Rnaseq/cmds/provenance/pipeline_end.py", line 30, in run
    pipeline_run.finish_time=now
AttributeError: 'NoneType' object has no attribute 'finish_time'
